<?xml version="1.0" encoding="UTF-8"?>
<testsuite name="hello.GreetingControllerTests" time="0.002" tests="1" errors="1" skipped="0" failures="0">
  <properties>
[...]
</properties>
  <testcase name="initializationError" classname="hello.GreetingControllerTests" time="0.002">
    <error message="Unable to find a @SpringBootConfiguration, you need to use @ContextConfiguration or @SpringBootTest(classes=...) with your test" type="java.lang.IllegalStateException"><![CDATA[java.lang.IllegalStateException: Unable to find a @SpringBootConfiguration, you need to use @ContextConfiguration or @SpringBootTest(classes=...) with your test
	at org.springframework.util.Assert.state(Assert.java:70)
	at org.springframework.boot.test.context.SpringBootTestContextBootstrapper.getOrFindConfigurationClasses(SpringBootTestContextBootstrapper.java:202)
	at org.springframework.boot.test.context.SpringBootTestContextBootstrapper.processMergedContextConfiguration(SpringBootTestContextBootstrapper.java:137)
	at org.springframework.test.context.support.AbstractTestContextBootstrapper.buildMergedContextConfiguration(AbstractTestContextBootstrapper.java:409)
	at org.springframework.test.context.support.AbstractTestContextBootstrapper.buildDefaultMergedContextConfiguration(AbstractTestContextBootstrapper.java:323)
	at org.springframework.test.context.support.AbstractTestContextBootstrapper.buildMergedContextConfiguration(AbstractTestContextBootstrapper.java:277)
	at org.springframework.test.context.support.AbstractTestContextBootstrapper.buildTestContext(AbstractTestContextBootstrapper.java:112)
	at org.springframework.boot.test.context.SpringBootTestContextBootstrapper.buildTestContext(SpringBootTestContextBootstrapper.java:82)
	at org.springframework.test.context.TestContextManager.<init>(TestContextManager.java:120)
	at org.springframework.test.context.TestContextManager.<init>(TestContextManager.java:105)
	at org.springframework.test.context.junit4.SpringJUnit4ClassRunner.createTestContextManager(SpringJUnit4ClassRunner.java:152)
	at org.springframework.test.context.junit4.SpringJUnit4ClassRunner.<init>(SpringJUnit4ClassRunner.java:143)
	at org.springframework.test.context.junit4.SpringRunner.<init>(SpringRunner.java:49)
	at sun.reflect.NativeConstructorAccessorImpl.newInstance0(Native Method)
	at sun.reflect.NativeConstructorAccessorImpl.newInstance(NativeConstructorAccessorImpl.java:62)
	at sun.reflect.DelegatingConstructorAccessorImpl.newInstance(DelegatingConstructorAccessorImpl.java:45)
	at java.lang.reflect.Constructor.newInstance(Constructor.java:423)
	at org.junit.internal.builders.AnnotatedBuilder.buildRunner(AnnotatedBuilder.java:104)
	at org.junit.internal.builders.AnnotatedBuilder.runnerForClass(AnnotatedBuilder.java:86)
	at org.junit.runners.model.RunnerBuilder.safeRunnerForClass(RunnerBuilder.java:59)
	at org.junit.internal.builders.AllDefaultPossibilitiesBuilder.runnerForClass(AllDefaultPossibilitiesBuilder.java:26)
	at org.junit.runners.model.RunnerBuilder.safeRunnerForClass(RunnerBuilder.java:59)
	at org.junit.internal.requests.ClassRequest.getRunner(ClassRequest.java:33)
	at org.apache.maven.surefire.junit4.JUnit4Provider.execute(JUnit4Provider.java:283)
	at org.apache.maven.surefire.junit4.JUnit4Provider.executeWithRerun(JUnit4Provider.java:173)
	at org.apache.maven.surefire.junit4.JUnit4Provider.executeTestSet(JUnit4Provider.java:153)
	at org.apache.maven.surefire.junit4.JUnit4Provider.invoke(JUnit4Provider.java:128)
	at org.apache.maven.surefire.booter.ForkedBooter.invokeProviderInSameClassLoader(ForkedBooter.java:203)
	at org.apache.maven.surefire.booter.ForkedBooter.runSuitesInProcess(ForkedBooter.java:155)
	at org.apache.maven.surefire.booter.ForkedBooter.main(ForkedBooter.java:103)
]]></error>
    <system-out><![CDATA[09:27:25.088 [main] DEBUG org.springframework.test.context.junit4.SpringJUnit4ClassRunner - SpringJUnit4ClassRunner constructor called with [class hello.GreetingControllerTests]
09:27:25.098 [main] DEBUG org.springframework.test.context.BootstrapUtils - Instantiating CacheAwareContextLoaderDelegate from class [org.springframework.test.context.cache.DefaultCacheAwareContextLoaderDelegate]
09:27:25.113 [main] DEBUG org.springframework.test.context.BootstrapUtils - Instantiating BootstrapContext using constructor [public org.springframework.test.context.support.DefaultBootstrapContext(java.lang.Class,org.springframework.test.context.CacheAwareContextLoaderDelegate)]
09:27:25.168 [main] DEBUG org.springframework.test.context.BootstrapUtils - Instantiating TestContextBootstrapper for test class [hello.GreetingControllerTests] from class [org.springframework.boot.test.context.SpringBootTestContextBootstrapper]
09:27:25.193 [main] INFO org.springframework.boot.test.context.SpringBootTestContextBootstrapper - Neither @ContextConfiguration nor @ContextHierarchy found for test class [hello.GreetingControllerTests], using SpringBootContextLoader
09:27:25.198 [main] DEBUG org.springframework.test.context.support.AbstractContextLoader - Did not detect default resource location for test class [hello.GreetingControllerTests]: class path resource [hello/GreetingControllerTests-context.xml] does not exist
09:27:25.199 [main] DEBUG org.springframework.test.context.support.AbstractContextLoader - Did not detect default resource location for test class [hello.GreetingControllerTests]: class path resource [hello/GreetingControllerTestsContext.groovy] does not exist
09:27:25.199 [main] INFO org.springframework.test.context.support.AbstractContextLoader - Could not detect default resource locations for test class [hello.GreetingControllerTests]: no resource found for suffixes {-context.xml, Context.groovy}.
09:27:25.202 [main] INFO org.springframework.test.context.support.AnnotationConfigContextLoaderUtils - Could not detect default configuration classes for test class [hello.GreetingControllerTests]: GreetingControllerTests does not declare any static, non-private, non-final, nested classes annotated with @Configuration.
09:27:25.297 [main] DEBUG org.springframework.test.context.support.ActiveProfilesUtils - Could not find an 'annotation declaring class' for annotation type [org.springframework.test.context.ActiveProfiles] and class [hello.GreetingControllerTests]
09:27:25.307 [main] DEBUG org.springframework.core.env.StandardEnvironment - Adding PropertySource 'systemProperties' with lowest search precedence
09:27:25.307 [main] DEBUG org.springframework.core.env.StandardEnvironment - Adding PropertySource 'systemEnvironment' with lowest search precedence
09:27:25.308 [main] DEBUG org.springframework.core.env.StandardEnvironment - Initialized StandardEnvironment with PropertySources [MapPropertySource@926370398 {name='systemProperties', properties={java.runtime.name=Java(TM) SE Runtime Environment, sun.boot.library.path=C:\Program Files\Java\jdk1.8.0_74\jre\bin, java.vm.version=25.74-b02, java.vm.vendor=Oracle Corporation, java.vendor.url=http://java.oracle.com/, path.separator=;, java.vm.name=Java HotSpot(TM) 64-Bit Server VM, file.encoding.pkg=sun.io, user.country=ES, user.script=, sun.java.launcher=SUN_STANDARD, sun.os.patch.level=, java.vm.specification.name=Java Virtual Machine Specification, user.dir=C:\Users\rsanchpa\prueba\translations_test, java.runtime.version=1.8.0_74-b02, basedir=C:\Users\rsanchpa\prueba\translations_test, java.awt.graphicsenv=sun.awt.Win32GraphicsEnvironment, java.endorsed.dirs=C:\Program Files\Java\jdk1.8.0_74\jre\lib\endorsed, os.arch=amd64, surefire.real.class.path=C:\Users\rsanchpa\prueba\translations_test\target\surefire\surefirebooter3277608038374981851.jar, java.io.tmpdir=C:\Users\rsanchpa\AppData\Local\Temp\, line.separator=
, java.vm.specification.vendor=Oracle Corporation, user.variant=, os.name=Windows 10, sun.jnu.encoding=Cp1252, java.library.path=C:\Program Files\Java\jdk1.8.0_74\jre\bin;C:\WINDOWS\Sun\Java\bin;C:\WINDOWS\system32;C:\WINDOWS;C:\ProgramData\Oracle\Java\javapath;C:\WINDOWS\system32;C:\WINDOWS;C:\WINDOWS\System32\Wbem;C:\WINDOWS\System32\WindowsPowerShell\v1.0\;C:\Program Files\Mercurial;C:\Program Files\TortoiseHg\;C:\TDM-GCC-64\bin;C:\Program Files\Java\jdk1.8.0_74\\bin;C:\Program Files (x86)\PuTTY\;C:\Program Files\Git\cmd;C:\developmenttools\apache-maven\apache-maven-3.3.9\bin;C:\Program Files\nodejs\;C:\Users\rsanchpa\AppData\Local\Microsoft\WindowsApps;C:\dev\scripts;C:\Program Files\Docker Toolbox;C:\Users\rsanchpa\AppData\Roaming\npm;., surefire.test.class.path=C:\Users\rsanchpa\prueba\translations_test\target\test-classes;C:\Users\rsanchpa\prueba\translations_test\target\classes;C:\Users\rsanchpa\.m2\repository\org\springframework\boot\spring-boot-starter-web\1.5.7.RELEASE\spring-boot-starter-web-1.5.7.RELEASE.jar;C:\Users\rsanchpa\.m2\repository\org\springframework\boot\spring-boot-starter\1.5.7.RELEASE\spring-boot-starter-1.5.7.RELEASE.jar;C:\Users\rsanchpa\.m2\repository\org\springframework\boot\spring-boot\1.5.7.RELEASE\spring-boot-1.5.7.RELEASE.jar;C:\Users\rsanchpa\.m2\repository\org\springframework\boot\spring-boot-autoconfigure\1.5.7.RELEASE\spring-boot-autoconfigure-1.5.7.RELEASE.jar;C:\Users\rsanchpa\.m2\repository\org\springframework\boot\spring-boot-starter-logging\1.5.7.RELEASE\spring-boot-starter-logging-1.5.7.RELEASE.jar;C:\Users\rsanchpa\.m2\repository\ch\qos\logback\logback-classic\1.1.11\logback-classic-1.1.11.jar;C:\Users\rsanchpa\.m2\repository\ch\qos\logback\logback-core\1.1.11\logback-core-1.1.11.jar;C:\Users\rsanchpa\.m2\repository\org\slf4j\jul-to-slf4j\1.7.25\jul-to-slf4j-1.7.25.jar;C:\Users\rsanchpa\.m2\repository\org\slf4j\log4j-over-slf4j\1.7.25\log4j-over-slf4j-1.7.25.jar;C:\Users\rsanchpa\.m2\repository\org\yaml\snakeyaml\1.17\snakeyaml-1.17.jar;C:\Users\rsanchpa\.m2\repository\org\springframework\boot\spring-boot-starter-tomcat\1.5.7.RELEASE\spring-boot-starter-tomcat-1.5.7.RELEASE.jar;C:\Users\rsanchpa\.m2\repository\org\apache\tomcat\embed\tomcat-embed-core\8.5.20\tomcat-embed-core-8.5.20.jar;C:\Users\rsanchpa\.m2\repository\org\apache\tomcat\embed\tomcat-embed-el\8.5.20\tomcat-embed-el-8.5.20.jar;C:\Users\rsanchpa\.m2\repository\org\apache\tomcat\embed\tomcat-embed-websocket\8.5.20\tomcat-embed-websocket-8.5.20.jar;C:\Users\rsanchpa\.m2\repository\org\hibernate\hibernate-validator\5.3.5.Final\hibernate-validator-5.3.5.Final.jar;C:\Users\rsanchpa\.m2\repository\javax\validation\validation-api\1.1.0.Final\validation-api-1.1.0.Final.jar;C:\Users\rsanchpa\.m2\repository\org\jboss\logging\jboss-logging\3.3.1.Final\jboss-logging-3.3.1.Final.jar;C:\Users\rsanchpa\.m2\repository\com\fasterxml\jackson\core\jackson-databind\2.8.10\jackson-databind-2.8.10.jar;C:\Users\rsanchpa\.m2\repository\com\fasterxml\jackson\core\jackson-annotations\2.8.0\jackson-annotations-2.8.0.jar;C:\Users\rsanchpa\.m2\repository\com\fasterxml\jackson\core\jackson-core\2.8.10\jackson-core-2.8.10.jar;C:\Users\rsanchpa\.m2\repository\org\springframework\spring-web\4.3.11.RELEASE\spring-web-4.3.11.RELEASE.jar;C:\Users\rsanchpa\.m2\repository\org\springframework\spring-aop\4.3.11.RELEASE\spring-aop-4.3.11.RELEASE.jar;C:\Users\rsanchpa\.m2\repository\org\springframework\spring-beans\4.3.11.RELEASE\spring-beans-4.3.11.RELEASE.jar;C:\Users\rsanchpa\.m2\repository\org\springframework\spring-context\4.3.11.RELEASE\spring-context-4.3.11.RELEASE.jar;C:\Users\rsanchpa\.m2\repository\org\springframework\spring-webmvc\4.3.11.RELEASE\spring-webmvc-4.3.11.RELEASE.jar;C:\Users\rsanchpa\.m2\repository\org\springframework\spring-expression\4.3.11.RELEASE\spring-expression-4.3.11.RELEASE.jar;C:\Users\rsanchpa\.m2\repository\org\springframework\boot\spring-boot-starter-test\1.5.7.RELEASE\spring-boot-starter-test-1.5.7.RELEASE.jar;C:\Users\rsanchpa\.m2\repository\org\springframework\boot\spring-boot-test\1.5.7.RELEASE\spring-boot-test-1.5.7.RELEASE.jar;C:\Users\rsanchpa\.m2\repository\org\springframework\boot\spring-boot-test-autoconfigure\1.5.7.RELEASE\spring-boot-test-autoconfigure-1.5.7.RELEASE.jar;C:\Users\rsanchpa\.m2\repository\org\assertj\assertj-core\2.6.0\assertj-core-2.6.0.jar;C:\Users\rsanchpa\.m2\repository\org\mockito\mockito-core\1.10.19\mockito-core-1.10.19.jar;C:\Users\rsanchpa\.m2\repository\org\objenesis\objenesis\2.1\objenesis-2.1.jar;C:\Users\rsanchpa\.m2\repository\org\hamcrest\hamcrest-core\1.3\hamcrest-core-1.3.jar;C:\Users\rsanchpa\.m2\repository\org\hamcrest\hamcrest-library\1.3\hamcrest-library-1.3.jar;C:\Users\rsanchpa\.m2\repository\org\skyscreamer\jsonassert\1.4.0\jsonassert-1.4.0.jar;C:\Users\rsanchpa\.m2\repository\com\vaadin\external\google\android-json\0.0.20131108.vaadin1\android-json-0.0.20131108.vaadin1.jar;C:\Users\rsanchpa\.m2\repository\org\springframework\spring-core\4.3.11.RELEASE\spring-core-4.3.11.RELEASE.jar;C:\Users\rsanchpa\.m2\repository\org\springframework\spring-test\4.3.11.RELEASE\spring-test-4.3.11.RELEASE.jar;C:\Users\rsanchpa\.m2\repository\com\jayway\jsonpath\json-path\2.2.0\json-path-2.2.0.jar;C:\Users\rsanchpa\.m2\repository\net\minidev\json-smart\2.2.1\json-smart-2.2.1.jar;C:\Users\rsanchpa\.m2\repository\net\minidev\accessors-smart\1.1\accessors-smart-1.1.jar;C:\Users\rsanchpa\.m2\repository\org\ow2\asm\asm\5.0.3\asm-5.0.3.jar;C:\Users\rsanchpa\.m2\repository\org\slf4j\slf4j-api\1.7.25\slf4j-api-1.7.25.jar;C:\Users\rsanchpa\.m2\repository\io\springfox\springfox-swagger-ui\2.6.1\springfox-swagger-ui-2.6.1.jar;C:\Users\rsanchpa\.m2\repository\io\springfox\springfox-spring-web\2.6.1\springfox-spring-web-2.6.1.jar;C:\Users\rsanchpa\.m2\repository\io\springfox\springfox-swagger2\2.6.1\springfox-swagger2-2.6.1.jar;C:\Users\rsanchpa\.m2\repository\io\swagger\swagger-annotations\1.5.10\swagger-annotations-1.5.10.jar;C:\Users\rsanchpa\.m2\repository\io\swagger\swagger-models\1.5.10\swagger-models-1.5.10.jar;C:\Users\rsanchpa\.m2\repository\io\springfox\springfox-spi\2.6.1\springfox-spi-2.6.1.jar;C:\Users\rsanchpa\.m2\repository\io\springfox\springfox-core\2.6.1\springfox-core-2.6.1.jar;C:\Users\rsanchpa\.m2\repository\io\springfox\springfox-schema\2.6.1\springfox-schema-2.6.1.jar;C:\Users\rsanchpa\.m2\repository\io\springfox\springfox-swagger-common\2.6.1\springfox-swagger-common-2.6.1.jar;C:\Users\rsanchpa\.m2\repository\com\google\guava\guava\18.0\guava-18.0.jar;C:\Users\rsanchpa\.m2\repository\com\fasterxml\classmate\1.3.4\classmate-1.3.4.jar;C:\Users\rsanchpa\.m2\repository\org\springframework\plugin\spring-plugin-core\1.2.0.RELEASE\spring-plugin-core-1.2.0.RELEASE.jar;C:\Users\rsanchpa\.m2\repository\org\springframework\plugin\spring-plugin-metadata\1.2.0.RELEASE\spring-plugin-metadata-1.2.0.RELEASE.jar;C:\Users\rsanchpa\.m2\repository\org\mapstruct\mapstruct\1.0.0.Final\mapstruct-1.0.0.Final.jar;C:\Users\rsanchpa\.m2\repository\de\flapdoodle\embed\de.flapdoodle.embed.mongo\1.50.5\de.flapdoodle.embed.mongo-1.50.5.jar;C:\Users\rsanchpa\.m2\repository\de\flapdoodle\embed\de.flapdoodle.embed.process\1.50.2\de.flapdoodle.embed.process-1.50.2.jar;C:\Users\rsanchpa\.m2\repository\commons-io\commons-io\2.4\commons-io-2.4.jar;C:\Users\rsanchpa\.m2\repository\org\apache\commons\commons-lang3\3.1\commons-lang3-3.1.jar;C:\Users\rsanchpa\.m2\repository\net\java\dev\jna\jna\4.2.2\jna-4.2.2.jar;C:\Users\rsanchpa\.m2\repository\net\java\dev\jna\jna-platform\4.0.0\jna-platform-4.0.0.jar;C:\Users\rsanchpa\.m2\repository\org\apache\commons\commons-compress\1.10\commons-compress-1.10.jar;C:\Users\rsanchpa\.m2\repository\cz\jirutka\spring\embedmongo-spring\1.3.1\embedmongo-spring-1.3.1.jar;C:\Users\rsanchpa\.m2\repository\org\mongodb\mongo-java-driver\3.4.3\mongo-java-driver-3.4.3.jar;C:\Users\rsanchpa\.m2\repository\org\springframework\boot\spring-boot-starter-data-mongodb\1.5.7.RELEASE\spring-boot-starter-data-mongodb-1.5.7.RELEASE.jar;C:\Users\rsanchpa\.m2\repository\org\mongodb\mongodb-driver\3.4.3\mongodb-driver-3.4.3.jar;C:\Users\rsanchpa\.m2\repository\org\mongodb\mongodb-driver-core\3.4.3\mongodb-driver-core-3.4.3.jar;C:\Users\rsanchpa\.m2\repository\org\mongodb\bson\3.4.3\bson-3.4.3.jar;C:\Users\rsanchpa\.m2\repository\org\springframework\data\spring-data-mongodb\1.10.7.RELEASE\spring-data-mongodb-1.10.7.RELEASE.jar;C:\Users\rsanchpa\.m2\repository\org\springframework\spring-tx\4.3.11.RELEASE\spring-tx-4.3.11.RELEASE.jar;C:\Users\rsanchpa\.m2\repository\org\springframework\data\spring-data-commons\1.13.7.RELEASE\spring-data-commons-1.13.7.RELEASE.jar;C:\Users\rsanchpa\.m2\repository\org\slf4j\jcl-over-slf4j\1.7.25\jcl-over-slf4j-1.7.25.jar;C:\Users\rsanchpa\.m2\repository\info\cukes\cucumber-java8\1.2.5\cucumber-java8-1.2.5.jar;C:\Users\rsanchpa\.m2\repository\info\cukes\cucumber-java\1.2.5\cucumber-java-1.2.5.jar;C:\Users\rsanchpa\.m2\repository\info\cukes\cucumber-junit\1.2.5\cucumber-junit-1.2.5.jar;C:\Users\rsanchpa\.m2\repository\info\cukes\cucumber-core\1.2.5\cucumber-core-1.2.5.jar;C:\Users\rsanchpa\.m2\repository\info\cukes\cucumber-html\0.2.3\cucumber-html-0.2.3.jar;C:\Users\rsanchpa\.m2\repository\info\cukes\cucumber-jvm-deps\1.0.5\cucumber-jvm-deps-1.0.5.jar;C:\Users\rsanchpa\.m2\repository\info\cukes\gherkin\2.12.2\gherkin-2.12.2.jar;C:\Users\rsanchpa\.m2\repository\junit\junit\4.12\junit-4.12.jar;, java.specification.name=Java Platform API Specification, java.class.version=52.0, sun.management.compiler=HotSpot 64-Bit Tiered Compilers, os.version=10.0, user.home=C:\Users\rsanchpa, user.timezone=Europe/Paris, java.awt.printerjob=sun.awt.windows.WPrinterJob, file.encoding=Cp1252, java.specification.version=1.8, java.class.path=C:\Users\rsanchpa\prueba\translations_test\target\test-classes;C:\Users\rsanchpa\prueba\translations_test\target\classes;C:\Users\rsanchpa\.m2\repository\org\springframework\boot\spring-boot-starter-web\1.5.7.RELEASE\spring-boot-starter-web-1.5.7.RELEASE.jar;C:\Users\rsanchpa\.m2\repository\org\springframework\boot\spring-boot-starter\1.5.7.RELEASE\spring-boot-starter-1.5.7.RELEASE.jar;C:\Users\rsanchpa\.m2\repository\org\springframework\boot\spring-boot\1.5.7.RELEASE\spring-boot-1.5.7.RELEASE.jar;C:\Users\rsanchpa\.m2\repository\org\springframework\boot\spring-boot-autoconfigure\1.5.7.RELEASE\spring-boot-autoconfigure-1.5.7.RELEASE.jar;C:\Users\rsanchpa\.m2\repository\org\springframework\boot\spring-boot-starter-logging\1.5.7.RELEASE\spring-boot-starter-logging-1.5.7.RELEASE.jar;C:\Users\rsanchpa\.m2\repository\ch\qos\logback\logback-classic\1.1.11\logback-classic-1.1.11.jar;C:\Users\rsanchpa\.m2\repository\ch\qos\logback\logback-core\1.1.11\logback-core-1.1.11.jar;C:\Users\rsanchpa\.m2\repository\org\slf4j\jul-to-slf4j\1.7.25\jul-to-slf4j-1.7.25.jar;C:\Users\rsanchpa\.m2\repository\org\slf4j\log4j-over-slf4j\1.7.25\log4j-over-slf4j-1.7.25.jar;C:\Users\rsanchpa\.m2\repository\org\yaml\snakeyaml\1.17\snakeyaml-1.17.jar;C:\Users\rsanchpa\.m2\repository\org\springframework\boot\spring-boot-starter-tomcat\1.5.7.RELEASE\spring-boot-starter-tomcat-1.5.7.RELEASE.jar;C:\Users\rsanchpa\.m2\repository\org\apache\tomcat\embed\tomcat-embed-core\8.5.20\tomcat-embed-core-8.5.20.jar;C:\Users\rsanchpa\.m2\repository\org\apache\tomcat\embed\tomcat-embed-el\8.5.20\tomcat-embed-el-8.5.20.jar;C:\Users\rsanchpa\.m2\repository\org\apache\tomcat\embed\tomcat-embed-websocket\8.5.20\tomcat-embed-websocket-8.5.20.jar;C:\Users\rsanchpa\.m2\repository\org\hibernate\hibernate-validator\5.3.5.Final\hibernate-validator-5.3.5.Final.jar;C:\Users\rsanchpa\.m2\repository\javax\validation\validation-api\1.1.0.Final\validation-api-1.1.0.Final.jar;C:\Users\rsanchpa\.m2\repository\org\jboss\logging\jboss-logging\3.3.1.Final\jboss-logging-3.3.1.Final.jar;C:\Users\rsanchpa\.m2\repository\com\fasterxml\jackson\core\jackson-databind\2.8.10\jackson-databind-2.8.10.jar;C:\Users\rsanchpa\.m2\repository\com\fasterxml\jackson\core\jackson-annotations\2.8.0\jackson-annotations-2.8.0.jar;C:\Users\rsanchpa\.m2\repository\com\fasterxml\jackson\core\jackson-core\2.8.10\jackson-core-2.8.10.jar;C:\Users\rsanchpa\.m2\repository\org\springframework\spring-web\4.3.11.RELEASE\spring-web-4.3.11.RELEASE.jar;C:\Users\rsanchpa\.m2\repository\org\springframework\spring-aop\4.3.11.RELEASE\spring-aop-4.3.11.RELEASE.jar;C:\Users\rsanchpa\.m2\repository\org\springframework\spring-beans\4.3.11.RELEASE\spring-beans-4.3.11.RELEASE.jar;C:\Users\rsanchpa\.m2\repository\org\springframework\spring-context\4.3.11.RELEASE\spring-context-4.3.11.RELEASE.jar;C:\Users\rsanchpa\.m2\repository\org\springframework\spring-webmvc\4.3.11.RELEASE\spring-webmvc-4.3.11.RELEASE.jar;C:\Users\rsanchpa\.m2\repository\org\springframework\spring-expression\4.3.11.RELEASE\spring-expression-4.3.11.RELEASE.jar;C:\Users\rsanchpa\.m2\repository\org\springframework\boot\spring-boot-starter-test\1.5.7.RELEASE\spring-boot-starter-test-1.5.7.RELEASE.jar;C:\Users\rsanchpa\.m2\repository\org\springframework\boot\spring-boot-test\1.5.7.RELEASE\spring-boot-test-1.5.7.RELEASE.jar;C:\Users\rsanchpa\.m2\repository\org\springframework\boot\spring-boot-test-autoconfigure\1.5.7.RELEASE\spring-boot-test-autoconfigure-1.5.7.RELEASE.jar;C:\Users\rsanchpa\.m2\repository\org\assertj\assertj-core\2.6.0\assertj-core-2.6.0.jar;C:\Users\rsanchpa\.m2\repository\org\mockito\mockito-core\1.10.19\mockito-core-1.10.19.jar;C:\Users\rsanchpa\.m2\repository\org\objenesis\objenesis\2.1\objenesis-2.1.jar;C:\Users\rsanchpa\.m2\repository\org\hamcrest\hamcrest-core\1.3\hamcrest-core-1.3.jar;C:\Users\rsanchpa\.m2\repository\org\hamcrest\hamcrest-library\1.3\hamcrest-library-1.3.jar;C:\Users\rsanchpa\.m2\repository\org\skyscreamer\jsonassert\1.4.0\jsonassert-1.4.0.jar;C:\Users\rsanchpa\.m2\repository\com\vaadin\external\google\android-json\0.0.20131108.vaadin1\android-json-0.0.20131108.vaadin1.jar;C:\Users\rsanchpa\.m2\repository\org\springframework\spring-core\4.3.11.RELEASE\spring-core-4.3.11.RELEASE.jar;C:\Users\rsanchpa\.m2\repository\org\springframework\spring-test\4.3.11.RELEASE\spring-test-4.3.11.RELEASE.jar;C:\Users\rsanchpa\.m2\repository\com\jayway\jsonpath\json-path\2.2.0\json-path-2.2.0.jar;C:\Users\rsanchpa\.m2\repository\net\minidev\json-smart\2.2.1\json-smart-2.2.1.jar;C:\Users\rsanchpa\.m2\repository\net\minidev\accessors-smart\1.1\accessors-smart-1.1.jar;C:\Users\rsanchpa\.m2\repository\org\ow2\asm\asm\5.0.3\asm-5.0.3.jar;C:\Users\rsanchpa\.m2\repository\org\slf4j\slf4j-api\1.7.25\slf4j-api-1.7.25.jar;C:\Users\rsanchpa\.m2\repository\io\springfox\springfox-swagger-ui\2.6.1\springfox-swagger-ui-2.6.1.jar;C:\Users\rsanchpa\.m2\repository\io\springfox\springfox-spring-web\2.6.1\springfox-spring-web-2.6.1.jar;C:\Users\rsanchpa\.m2\repository\io\springfox\springfox-swagger2\2.6.1\springfox-swagger2-2.6.1.jar;C:\Users\rsanchpa\.m2\repository\io\swagger\swagger-annotations\1.5.10\swagger-annotations-1.5.10.jar;C:\Users\rsanchpa\.m2\repository\io\swagger\swagger-models\1.5.10\swagger-models-1.5.10.jar;C:\Users\rsanchpa\.m2\repository\io\springfox\springfox-spi\2.6.1\springfox-spi-2.6.1.jar;C:\Users\rsanchpa\.m2\repository\io\springfox\springfox-core\2.6.1\springfox-core-2.6.1.jar;C:\Users\rsanchpa\.m2\repository\io\springfox\springfox-schema\2.6.1\springfox-schema-2.6.1.jar;C:\Users\rsanchpa\.m2\repository\io\springfox\springfox-swagger-common\2.6.1\springfox-swagger-common-2.6.1.jar;C:\Users\rsanchpa\.m2\repository\com\google\guava\guava\18.0\guava-18.0.jar;C:\Users\rsanchpa\.m2\repository\com\fasterxml\classmate\1.3.4\classmate-1.3.4.jar;C:\Users\rsanchpa\.m2\repository\org\springframework\plugin\spring-plugin-core\1.2.0.RELEASE\spring-plugin-core-1.2.0.RELEASE.jar;C:\Users\rsanchpa\.m2\repository\org\springframework\plugin\spring-plugin-metadata\1.2.0.RELEASE\spring-plugin-metadata-1.2.0.RELEASE.jar;C:\Users\rsanchpa\.m2\repository\org\mapstruct\mapstruct\1.0.0.Final\mapstruct-1.0.0.Final.jar;C:\Users\rsanchpa\.m2\repository\de\flapdoodle\embed\de.flapdoodle.embed.mongo\1.50.5\de.flapdoodle.embed.mongo-1.50.5.jar;C:\Users\rsanchpa\.m2\repository\de\flapdoodle\embed\de.flapdoodle.embed.process\1.50.2\de.flapdoodle.embed.process-1.50.2.jar;C:\Users\rsanchpa\.m2\repository\commons-io\commons-io\2.4\commons-io-2.4.jar;C:\Users\rsanchpa\.m2\repository\org\apache\commons\commons-lang3\3.1\commons-lang3-3.1.jar;C:\Users\rsanchpa\.m2\repository\net\java\dev\jna\jna\4.2.2\jna-4.2.2.jar;C:\Users\rsanchpa\.m2\repository\net\java\dev\jna\jna-platform\4.0.0\jna-platform-4.0.0.jar;C:\Users\rsanchpa\.m2\repository\org\apache\commons\commons-compress\1.10\commons-compress-1.10.jar;C:\Users\rsanchpa\.m2\repository\cz\jirutka\spring\embedmongo-spring\1.3.1\embedmongo-spring-1.3.1.jar;C:\Users\rsanchpa\.m2\repository\org\mongodb\mongo-java-driver\3.4.3\mongo-java-driver-3.4.3.jar;C:\Users\rsanchpa\.m2\repository\org\springframework\boot\spring-boot-starter-data-mongodb\1.5.7.RELEASE\spring-boot-starter-data-mongodb-1.5.7.RELEASE.jar;C:\Users\rsanchpa\.m2\repository\org\mongodb\mongodb-driver\3.4.3\mongodb-driver-3.4.3.jar;C:\Users\rsanchpa\.m2\repository\org\mongodb\mongodb-driver-core\3.4.3\mongodb-driver-core-3.4.3.jar;C:\Users\rsanchpa\.m2\repository\org\mongodb\bson\3.4.3\bson-3.4.3.jar;C:\Users\rsanchpa\.m2\repository\org\springframework\data\spring-data-mongodb\1.10.7.RELEASE\spring-data-mongodb-1.10.7.RELEASE.jar;C:\Users\rsanchpa\.m2\repository\org\springframework\spring-tx\4.3.11.RELEASE\spring-tx-4.3.11.RELEASE.jar;C:\Users\rsanchpa\.m2\repository\org\springframework\data\spring-data-commons\1.13.7.RELEASE\spring-data-commons-1.13.7.RELEASE.jar;C:\Users\rsanchpa\.m2\repository\org\slf4j\jcl-over-slf4j\1.7.25\jcl-over-slf4j-1.7.25.jar;C:\Users\rsanchpa\.m2\repository\info\cukes\cucumber-java8\1.2.5\cucumber-java8-1.2.5.jar;C:\Users\rsanchpa\.m2\repository\info\cukes\cucumber-java\1.2.5\cucumber-java-1.2.5.jar;C:\Users\rsanchpa\.m2\repository\info\cukes\cucumber-junit\1.2.5\cucumber-junit-1.2.5.jar;C:\Users\rsanchpa\.m2\repository\info\cukes\cucumber-core\1.2.5\cucumber-core-1.2.5.jar;C:\Users\rsanchpa\.m2\repository\info\cukes\cucumber-html\0.2.3\cucumber-html-0.2.3.jar;C:\Users\rsanchpa\.m2\repository\info\cukes\cucumber-jvm-deps\1.0.5\cucumber-jvm-deps-1.0.5.jar;C:\Users\rsanchpa\.m2\repository\info\cukes\gherkin\2.12.2\gherkin-2.12.2.jar;C:\Users\rsanchpa\.m2\repository\junit\junit\4.12\junit-4.12.jar;, user.name=rsanchpa, java.vm.specification.version=1.8, sun.java.command=C:\Users\rsanchpa\prueba\translations_test\target\surefire\surefirebooter3277608038374981851.jar C:\Users\rsanchpa\prueba\translations_test\target\surefire\surefire92608258868538549tmp C:\Users\rsanchpa\prueba\translations_test\target\surefire\surefire_02700561129045389163tmp, java.home=C:\Program Files\Java\jdk1.8.0_74\jre, sun.arch.data.model=64, user.language=es, java.specification.vendor=Oracle Corporation, awt.toolkit=sun.awt.windows.WToolkit, java.vm.info=mixed mode, java.version=1.8.0_74, java.ext.dirs=C:\Program Files\Java\jdk1.8.0_74\jre\lib\ext;C:\WINDOWS\Sun\Java\lib\ext, sun.boot.class.path=C:\Program Files\Java\jdk1.8.0_74\jre\lib\resources.jar;C:\Program Files\Java\jdk1.8.0_74\jre\lib\rt.jar;C:\Program Files\Java\jdk1.8.0_74\jre\lib\sunrsasign.jar;C:\Program Files\Java\jdk1.8.0_74\jre\lib\jsse.jar;C:\Program Files\Java\jdk1.8.0_74\jre\lib\jce.jar;C:\Program Files\Java\jdk1.8.0_74\jre\lib\charsets.jar;C:\Program Files\Java\jdk1.8.0_74\jre\lib\jfr.jar;C:\Program Files\Java\jdk1.8.0_74\jre\classes, java.vendor=Oracle Corporation, localRepository=C:\Users\rsanchpa\.m2\repository, file.separator=\, java.vendor.url.bug=http://bugreport.sun.com/bugreport/, sun.io.unicode.encoding=UnicodeLittle, sun.cpu.endian=little, sun.desktop=windows, sun.cpu.isalist=amd64}}, SystemEnvironmentPropertySource@1181869371 {name='systemEnvironment', properties={PATH=C:\ProgramData\Oracle\Java\javapath;C:\WINDOWS\system32;C:\WINDOWS;C:\WINDOWS\System32\Wbem;C:\WINDOWS\System32\WindowsPowerShell\v1.0\;C:\Program Files\Mercurial;C:\Program Files\TortoiseHg\;C:\TDM-GCC-64\bin;C:\Program Files\Java\jdk1.8.0_74\\bin;C:\Program Files (x86)\PuTTY\;C:\Program Files\Git\cmd;C:\developmenttools\apache-maven\apache-maven-3.3.9\bin;C:\Program Files\nodejs\;C:\Users\rsanchpa\AppData\Local\Microsoft\WindowsApps;C:\dev\scripts;C:\Program Files\Docker Toolbox;C:\Users\rsanchpa\AppData\Roaming\npm, USERDOMAIN_ROAMINGPROFILE=USERSAD, PROCESSOR_LEVEL=6, SYSTEMDRIVE=C:, FP_NO_HOST_CHECK=NO, SESSIONNAME=Console, ALLUSERSPROFILE=C:\ProgramData, PROCESSOR_ARCHITECTURE=AMD64, DEFLOGDIR=C:\ProgramData\McAfee\Endpoint Security\Logs, PROGRAMFILES=C:\Program Files, PSMODULEPATH=C:\WINDOWS\system32\WindowsPowerShell\v1.0\Modules\, PROGRAMDATA=C:\ProgramData, USERNAME=rsanchpa, USERDNSDOMAIN=USERSAD.EVERIS.INT, WDIR=C:\Users\rsanchpa\prueba\translations_test, CHROME_DRIVER=C:\dev\driver, FPS_BROWSER_USER_PROFILE_STRING=Default, ONEDRIVE=C:\Users\rsanchpa\OneDrive, PATHEXT=.COM;.EXE;.BAT;.CMD;.VBS;.VBE;.JS;.JSE;.WSF;.WSH;.MSC, CLASSWORLDS_JAR="C:\developmenttools\apache-maven\apache-maven-3.3.9\boot\plexus-classworlds-2.5.2.jar", WINDIR=C:\WINDOWS, HOMEPATH=\Users\rsanchpa, PROCESSOR_IDENTIFIER=Intel64 Family 6 Model 78 Stepping 3, GenuineIntel, WINDOWS_TRACING_LOGFILE=C:\BVTBin\Tests\installpackage\csilogfile.log, M2_HOME=C:\developmenttools\apache-maven\apache-maven-3.3.9, MAVEN_JAVA_EXE="C:\Program Files\Java\jdk1.8.0_74\\bin\java.exe", PUBLIC=C:\Users\Public, LOCALAPPDATA=C:\Users\rsanchpa\AppData\Local, COMMONPROGRAMFILES(X86)=C:\Program Files (x86)\Common Files, DOCKER_HOST=tcp://192.168.99.100:2376, USERDOMAIN=USERSAD, FPS_BROWSER_APP_PROFILE_STRING=Internet Explorer, LOGONSERVER=\\SBCN01PADDC01, JAVA_HOME=C:\Program Files\Java\jdk1.8.0_74\, PROMPT=$P$G, PROGRAMFILES(X86)=C:\Program Files (x86), HTTP_PROXY=10.129.8.100:8080, ERROR_CODE=0, EXEC_DIR=C:\Users\rsanchpa\prueba\translations_test, WINDOWS_TRACING_FLAGS=3, =C:=C:\Users\rsanchpa\prueba\translations_test, APPDATA=C:\Users\rsanchpa\AppData\Roaming, DOCKER_MACHINE_NAME=default, DOCKER_CERT_PATH=C:\Users\rsanchpa\.docker\machine\machines\default, HTTPS_PROXY=10.129.8.100:8080, PROGRAMW6432=C:\Program Files, SYSTEMROOT=C:\WINDOWS, MAVEN_CMD_LINE_ARGS=clean install, VBOX_MSI_INSTALL_PATH=C:\Program Files\Oracle\VirtualBox\, OS=Windows_NT, COMMONPROGRAMW6432=C:\Program Files\Common Files, COMPUTERNAME=ALC-812TK72, JBOSS_HOME=C:\developmenttools\jboss-eap-6.4, COMMONPROGRAMFILES=C:\Program Files\Common Files, COMSPEC=C:\WINDOWS\system32\cmd.exe, MAVEN_PROJECTBASEDIR=C:\Users\rsanchpa\prueba\translations_test, PROCESSOR_REVISION=4e03, UATDATA=C:\WINDOWS\CCM\UATData\D9F8C395-CAB8-491d-B8AC-179A1FE1BE77, CLASSWORLDS_LAUNCHER=org.codehaus.plexus.classworlds.launcher.Launcher, DOCKER_TLS_VERIFY=1, TEMP=C:\Users\rsanchpa\AppData\Local\Temp, HOMEDRIVE=C:, USERPROFILE=C:\Users\rsanchpa, TMP=C:\Users\rsanchpa\AppData\Local\Temp, NUMBER_OF_PROCESSORS=4, DOCKER_TOOLBOX_INSTALL_PATH=C:\Program Files\Docker Toolbox, HOME=C:\Users\rsanchpa}}]
09:27:25.348 [main] DEBUG org.springframework.core.io.support.PathMatchingResourcePatternResolver - Resolved classpath location [hello/] to resources [URL [file:/C:/Users/rsanchpa/prueba/translations_test/target/test-classes/hello/]]
09:27:25.348 [main] DEBUG org.springframework.core.io.support.PathMatchingResourcePatternResolver - Looking for matching resources in directory tree [C:\Users\rsanchpa\prueba\translations_test\target\test-classes\hello]
09:27:25.349 [main] DEBUG org.springframework.core.io.support.PathMatchingResourcePatternResolver - Searching directory [C:\Users\rsanchpa\prueba\translations_test\target\test-classes\hello] for files matching pattern [C:/Users/rsanchpa/prueba/translations_test/target/test-classes/hello/*.class]
09:27:25.356 [main] DEBUG org.springframework.core.io.support.PathMatchingResourcePatternResolver - Resolved location pattern [classpath*:hello/*.class] to resources [file [C:\Users\rsanchpa\prueba\translations_test\target\test-classes\hello\GreetingControllerTests.class]]
09:27:25.967 [main] DEBUG org.springframework.test.context.junit4.SpringJUnit4ClassRunner - SpringJUnit4ClassRunner constructor called with [class hello.GreetingControllerTests]
09:27:25.968 [main] DEBUG org.springframework.test.context.BootstrapUtils - Instantiating CacheAwareContextLoaderDelegate from class [org.springframework.test.context.cache.DefaultCacheAwareContextLoaderDelegate]
09:27:25.968 [main] DEBUG org.springframework.test.context.BootstrapUtils - Instantiating BootstrapContext using constructor [public org.springframework.test.context.support.DefaultBootstrapContext(java.lang.Class,org.springframework.test.context.CacheAwareContextLoaderDelegate)]
09:27:25.969 [main] DEBUG org.springframework.test.context.BootstrapUtils - Instantiating TestContextBootstrapper for test class [hello.GreetingControllerTests] from class [org.springframework.boot.test.context.SpringBootTestContextBootstrapper]
09:27:25.971 [main] INFO org.springframework.boot.test.context.SpringBootTestContextBootstrapper - Neither @ContextConfiguration nor @ContextHierarchy found for test class [hello.GreetingControllerTests], using SpringBootContextLoader
09:27:25.977 [main] DEBUG org.springframework.test.context.support.AbstractContextLoader - Did not detect default resource location for test class [hello.GreetingControllerTests]: class path resource [hello/GreetingControllerTests-context.xml] does not exist
09:27:25.978 [main] DEBUG org.springframework.test.context.support.AbstractContextLoader - Did not detect default resource location for test class [hello.GreetingControllerTests]: class path resource [hello/GreetingControllerTestsContext.groovy] does not exist
09:27:25.978 [main] INFO org.springframework.test.context.support.AbstractContextLoader - Could not detect default resource locations for test class [hello.GreetingControllerTests]: no resource found for suffixes {-context.xml, Context.groovy}.
09:27:25.979 [main] INFO org.springframework.test.context.support.AnnotationConfigContextLoaderUtils - Could not detect default configuration classes for test class [hello.GreetingControllerTests]: GreetingControllerTests does not declare any static, non-private, non-final, nested classes annotated with @Configuration.
09:27:26.009 [main] DEBUG org.springframework.test.context.support.ActiveProfilesUtils - Could not find an 'annotation declaring class' for annotation type [org.springframework.test.context.ActiveProfiles] and class [hello.GreetingControllerTests]
09:27:26.009 [main] DEBUG org.springframework.core.env.StandardEnvironment - Adding PropertySource 'systemProperties' with lowest search precedence
09:27:26.009 [main] DEBUG org.springframework.core.env.StandardEnvironment - Adding PropertySource 'systemEnvironment' with lowest search precedence
09:27:26.010 [main] DEBUG org.springframework.core.env.StandardEnvironment - Initialized StandardEnvironment with PropertySources [MapPropertySource@2084559714 {name='systemProperties', properties={java.runtime.name=Java(TM) SE Runtime Environment, sun.boot.library.path=C:\Program Files\Java\jdk1.8.0_74\jre\bin, java.vm.version=25.74-b02, java.vm.vendor=Oracle Corporation, java.vendor.url=http://java.oracle.com/, path.separator=;, java.vm.name=Java HotSpot(TM) 64-Bit Server VM, file.encoding.pkg=sun.io, user.country=ES, user.script=, sun.java.launcher=SUN_STANDARD, sun.os.patch.level=, java.vm.specification.name=Java Virtual Machine Specification, user.dir=C:\Users\rsanchpa\prueba\translations_test, java.runtime.version=1.8.0_74-b02, basedir=C:\Users\rsanchpa\prueba\translations_test, java.awt.graphicsenv=sun.awt.Win32GraphicsEnvironment, java.endorsed.dirs=C:\Program Files\Java\jdk1.8.0_74\jre\lib\endorsed, os.arch=amd64, surefire.real.class.path=C:\Users\rsanchpa\prueba\translations_test\target\surefire\surefirebooter3277608038374981851.jar, java.io.tmpdir=C:\Users\rsanchpa\AppData\Local\Temp\, line.separator=
, java.vm.specification.vendor=Oracle Corporation, user.variant=, os.name=Windows 10, sun.jnu.encoding=Cp1252, java.library.path=C:\Program Files\Java\jdk1.8.0_74\jre\bin;C:\WINDOWS\Sun\Java\bin;C:\WINDOWS\system32;C:\WINDOWS;C:\ProgramData\Oracle\Java\javapath;C:\WINDOWS\system32;C:\WINDOWS;C:\WINDOWS\System32\Wbem;C:\WINDOWS\System32\WindowsPowerShell\v1.0\;C:\Program Files\Mercurial;C:\Program Files\TortoiseHg\;C:\TDM-GCC-64\bin;C:\Program Files\Java\jdk1.8.0_74\\bin;C:\Program Files (x86)\PuTTY\;C:\Program Files\Git\cmd;C:\developmenttools\apache-maven\apache-maven-3.3.9\bin;C:\Program Files\nodejs\;C:\Users\rsanchpa\AppData\Local\Microsoft\WindowsApps;C:\dev\scripts;C:\Program Files\Docker Toolbox;C:\Users\rsanchpa\AppData\Roaming\npm;., surefire.test.class.path=C:\Users\rsanchpa\prueba\translations_test\target\test-classes;C:\Users\rsanchpa\prueba\translations_test\target\classes;C:\Users\rsanchpa\.m2\repository\org\springframework\boot\spring-boot-starter-web\1.5.7.RELEASE\spring-boot-starter-web-1.5.7.RELEASE.jar;C:\Users\rsanchpa\.m2\repository\org\springframework\boot\spring-boot-starter\1.5.7.RELEASE\spring-boot-starter-1.5.7.RELEASE.jar;C:\Users\rsanchpa\.m2\repository\org\springframework\boot\spring-boot\1.5.7.RELEASE\spring-boot-1.5.7.RELEASE.jar;C:\Users\rsanchpa\.m2\repository\org\springframework\boot\spring-boot-autoconfigure\1.5.7.RELEASE\spring-boot-autoconfigure-1.5.7.RELEASE.jar;C:\Users\rsanchpa\.m2\repository\org\springframework\boot\spring-boot-starter-logging\1.5.7.RELEASE\spring-boot-starter-logging-1.5.7.RELEASE.jar;C:\Users\rsanchpa\.m2\repository\ch\qos\logback\logback-classic\1.1.11\logback-classic-1.1.11.jar;C:\Users\rsanchpa\.m2\repository\ch\qos\logback\logback-core\1.1.11\logback-core-1.1.11.jar;C:\Users\rsanchpa\.m2\repository\org\slf4j\jul-to-slf4j\1.7.25\jul-to-slf4j-1.7.25.jar;C:\Users\rsanchpa\.m2\repository\org\slf4j\log4j-over-slf4j\1.7.25\log4j-over-slf4j-1.7.25.jar;C:\Users\rsanchpa\.m2\repository\org\yaml\snakeyaml\1.17\snakeyaml-1.17.jar;C:\Users\rsanchpa\.m2\repository\org\springframework\boot\spring-boot-starter-tomcat\1.5.7.RELEASE\spring-boot-starter-tomcat-1.5.7.RELEASE.jar;C:\Users\rsanchpa\.m2\repository\org\apache\tomcat\embed\tomcat-embed-core\8.5.20\tomcat-embed-core-8.5.20.jar;C:\Users\rsanchpa\.m2\repository\org\apache\tomcat\embed\tomcat-embed-el\8.5.20\tomcat-embed-el-8.5.20.jar;C:\Users\rsanchpa\.m2\repository\org\apache\tomcat\embed\tomcat-embed-websocket\8.5.20\tomcat-embed-websocket-8.5.20.jar;C:\Users\rsanchpa\.m2\repository\org\hibernate\hibernate-validator\5.3.5.Final\hibernate-validator-5.3.5.Final.jar;C:\Users\rsanchpa\.m2\repository\javax\validation\validation-api\1.1.0.Final\validation-api-1.1.0.Final.jar;C:\Users\rsanchpa\.m2\repository\org\jboss\logging\jboss-logging\3.3.1.Final\jboss-logging-3.3.1.Final.jar;C:\Users\rsanchpa\.m2\repository\com\fasterxml\jackson\core\jackson-databind\2.8.10\jackson-databind-2.8.10.jar;C:\Users\rsanchpa\.m2\repository\com\fasterxml\jackson\core\jackson-annotations\2.8.0\jackson-annotations-2.8.0.jar;C:\Users\rsanchpa\.m2\repository\com\fasterxml\jackson\core\jackson-core\2.8.10\jackson-core-2.8.10.jar;C:\Users\rsanchpa\.m2\repository\org\springframework\spring-web\4.3.11.RELEASE\spring-web-4.3.11.RELEASE.jar;C:\Users\rsanchpa\.m2\repository\org\springframework\spring-aop\4.3.11.RELEASE\spring-aop-4.3.11.RELEASE.jar;C:\Users\rsanchpa\.m2\repository\org\springframework\spring-beans\4.3.11.RELEASE\spring-beans-4.3.11.RELEASE.jar;C:\Users\rsanchpa\.m2\repository\org\springframework\spring-context\4.3.11.RELEASE\spring-context-4.3.11.RELEASE.jar;C:\Users\rsanchpa\.m2\repository\org\springframework\spring-webmvc\4.3.11.RELEASE\spring-webmvc-4.3.11.RELEASE.jar;C:\Users\rsanchpa\.m2\repository\org\springframework\spring-expression\4.3.11.RELEASE\spring-expression-4.3.11.RELEASE.jar;C:\Users\rsanchpa\.m2\repository\org\springframework\boot\spring-boot-starter-test\1.5.7.RELEASE\spring-boot-starter-test-1.5.7.RELEASE.jar;C:\Users\rsanchpa\.m2\repository\org\springframework\boot\spring-boot-test\1.5.7.RELEASE\spring-boot-test-1.5.7.RELEASE.jar;C:\Users\rsanchpa\.m2\repository\org\springframework\boot\spring-boot-test-autoconfigure\1.5.7.RELEASE\spring-boot-test-autoconfigure-1.5.7.RELEASE.jar;C:\Users\rsanchpa\.m2\repository\org\assertj\assertj-core\2.6.0\assertj-core-2.6.0.jar;C:\Users\rsanchpa\.m2\repository\org\mockito\mockito-core\1.10.19\mockito-core-1.10.19.jar;C:\Users\rsanchpa\.m2\repository\org\objenesis\objenesis\2.1\objenesis-2.1.jar;C:\Users\rsanchpa\.m2\repository\org\hamcrest\hamcrest-core\1.3\hamcrest-core-1.3.jar;C:\Users\rsanchpa\.m2\repository\org\hamcrest\hamcrest-library\1.3\hamcrest-library-1.3.jar;C:\Users\rsanchpa\.m2\repository\org\skyscreamer\jsonassert\1.4.0\jsonassert-1.4.0.jar;C:\Users\rsanchpa\.m2\repository\com\vaadin\external\google\android-json\0.0.20131108.vaadin1\android-json-0.0.20131108.vaadin1.jar;C:\Users\rsanchpa\.m2\repository\org\springframework\spring-core\4.3.11.RELEASE\spring-core-4.3.11.RELEASE.jar;C:\Users\rsanchpa\.m2\repository\org\springframework\spring-test\4.3.11.RELEASE\spring-test-4.3.11.RELEASE.jar;C:\Users\rsanchpa\.m2\repository\com\jayway\jsonpath\json-path\2.2.0\json-path-2.2.0.jar;C:\Users\rsanchpa\.m2\repository\net\minidev\json-smart\2.2.1\json-smart-2.2.1.jar;C:\Users\rsanchpa\.m2\repository\net\minidev\accessors-smart\1.1\accessors-smart-1.1.jar;C:\Users\rsanchpa\.m2\repository\org\ow2\asm\asm\5.0.3\asm-5.0.3.jar;C:\Users\rsanchpa\.m2\repository\org\slf4j\slf4j-api\1.7.25\slf4j-api-1.7.25.jar;C:\Users\rsanchpa\.m2\repository\io\springfox\springfox-swagger-ui\2.6.1\springfox-swagger-ui-2.6.1.jar;C:\Users\rsanchpa\.m2\repository\io\springfox\springfox-spring-web\2.6.1\springfox-spring-web-2.6.1.jar;C:\Users\rsanchpa\.m2\repository\io\springfox\springfox-swagger2\2.6.1\springfox-swagger2-2.6.1.jar;C:\Users\rsanchpa\.m2\repository\io\swagger\swagger-annotations\1.5.10\swagger-annotations-1.5.10.jar;C:\Users\rsanchpa\.m2\repository\io\swagger\swagger-models\1.5.10\swagger-models-1.5.10.jar;C:\Users\rsanchpa\.m2\repository\io\springfox\springfox-spi\2.6.1\springfox-spi-2.6.1.jar;C:\Users\rsanchpa\.m2\repository\io\springfox\springfox-core\2.6.1\springfox-core-2.6.1.jar;C:\Users\rsanchpa\.m2\repository\io\springfox\springfox-schema\2.6.1\springfox-schema-2.6.1.jar;C:\Users\rsanchpa\.m2\repository\io\springfox\springfox-swagger-common\2.6.1\springfox-swagger-common-2.6.1.jar;C:\Users\rsanchpa\.m2\repository\com\google\guava\guava\18.0\guava-18.0.jar;C:\Users\rsanchpa\.m2\repository\com\fasterxml\classmate\1.3.4\classmate-1.3.4.jar;C:\Users\rsanchpa\.m2\repository\org\springframework\plugin\spring-plugin-core\1.2.0.RELEASE\spring-plugin-core-1.2.0.RELEASE.jar;C:\Users\rsanchpa\.m2\repository\org\springframework\plugin\spring-plugin-metadata\1.2.0.RELEASE\spring-plugin-metadata-1.2.0.RELEASE.jar;C:\Users\rsanchpa\.m2\repository\org\mapstruct\mapstruct\1.0.0.Final\mapstruct-1.0.0.Final.jar;C:\Users\rsanchpa\.m2\repository\de\flapdoodle\embed\de.flapdoodle.embed.mongo\1.50.5\de.flapdoodle.embed.mongo-1.50.5.jar;C:\Users\rsanchpa\.m2\repository\de\flapdoodle\embed\de.flapdoodle.embed.process\1.50.2\de.flapdoodle.embed.process-1.50.2.jar;C:\Users\rsanchpa\.m2\repository\commons-io\commons-io\2.4\commons-io-2.4.jar;C:\Users\rsanchpa\.m2\repository\org\apache\commons\commons-lang3\3.1\commons-lang3-3.1.jar;C:\Users\rsanchpa\.m2\repository\net\java\dev\jna\jna\4.2.2\jna-4.2.2.jar;C:\Users\rsanchpa\.m2\repository\net\java\dev\jna\jna-platform\4.0.0\jna-platform-4.0.0.jar;C:\Users\rsanchpa\.m2\repository\org\apache\commons\commons-compress\1.10\commons-compress-1.10.jar;C:\Users\rsanchpa\.m2\repository\cz\jirutka\spring\embedmongo-spring\1.3.1\embedmongo-spring-1.3.1.jar;C:\Users\rsanchpa\.m2\repository\org\mongodb\mongo-java-driver\3.4.3\mongo-java-driver-3.4.3.jar;C:\Users\rsanchpa\.m2\repository\org\springframework\boot\spring-boot-starter-data-mongodb\1.5.7.RELEASE\spring-boot-starter-data-mongodb-1.5.7.RELEASE.jar;C:\Users\rsanchpa\.m2\repository\org\mongodb\mongodb-driver\3.4.3\mongodb-driver-3.4.3.jar;C:\Users\rsanchpa\.m2\repository\org\mongodb\mongodb-driver-core\3.4.3\mongodb-driver-core-3.4.3.jar;C:\Users\rsanchpa\.m2\repository\org\mongodb\bson\3.4.3\bson-3.4.3.jar;C:\Users\rsanchpa\.m2\repository\org\springframework\data\spring-data-mongodb\1.10.7.RELEASE\spring-data-mongodb-1.10.7.RELEASE.jar;C:\Users\rsanchpa\.m2\repository\org\springframework\spring-tx\4.3.11.RELEASE\spring-tx-4.3.11.RELEASE.jar;C:\Users\rsanchpa\.m2\repository\org\springframework\data\spring-data-commons\1.13.7.RELEASE\spring-data-commons-1.13.7.RELEASE.jar;C:\Users\rsanchpa\.m2\repository\org\slf4j\jcl-over-slf4j\1.7.25\jcl-over-slf4j-1.7.25.jar;C:\Users\rsanchpa\.m2\repository\info\cukes\cucumber-java8\1.2.5\cucumber-java8-1.2.5.jar;C:\Users\rsanchpa\.m2\repository\info\cukes\cucumber-java\1.2.5\cucumber-java-1.2.5.jar;C:\Users\rsanchpa\.m2\repository\info\cukes\cucumber-junit\1.2.5\cucumber-junit-1.2.5.jar;C:\Users\rsanchpa\.m2\repository\info\cukes\cucumber-core\1.2.5\cucumber-core-1.2.5.jar;C:\Users\rsanchpa\.m2\repository\info\cukes\cucumber-html\0.2.3\cucumber-html-0.2.3.jar;C:\Users\rsanchpa\.m2\repository\info\cukes\cucumber-jvm-deps\1.0.5\cucumber-jvm-deps-1.0.5.jar;C:\Users\rsanchpa\.m2\repository\info\cukes\gherkin\2.12.2\gherkin-2.12.2.jar;C:\Users\rsanchpa\.m2\repository\junit\junit\4.12\junit-4.12.jar;, java.specification.name=Java Platform API Specification, java.class.version=52.0, sun.management.compiler=HotSpot 64-Bit Tiered Compilers, os.version=10.0, user.home=C:\Users\rsanchpa, user.timezone=Europe/Paris, java.awt.printerjob=sun.awt.windows.WPrinterJob, file.encoding=Cp1252, java.specification.version=1.8, java.class.path=C:\Users\rsanchpa\prueba\translations_test\target\test-classes;C:\Users\rsanchpa\prueba\translations_test\target\classes;C:\Users\rsanchpa\.m2\repository\org\springframework\boot\spring-boot-starter-web\1.5.7.RELEASE\spring-boot-starter-web-1.5.7.RELEASE.jar;C:\Users\rsanchpa\.m2\repository\org\springframework\boot\spring-boot-starter\1.5.7.RELEASE\spring-boot-starter-1.5.7.RELEASE.jar;C:\Users\rsanchpa\.m2\repository\org\springframework\boot\spring-boot\1.5.7.RELEASE\spring-boot-1.5.7.RELEASE.jar;C:\Users\rsanchpa\.m2\repository\org\springframework\boot\spring-boot-autoconfigure\1.5.7.RELEASE\spring-boot-autoconfigure-1.5.7.RELEASE.jar;C:\Users\rsanchpa\.m2\repository\org\springframework\boot\spring-boot-starter-logging\1.5.7.RELEASE\spring-boot-starter-logging-1.5.7.RELEASE.jar;C:\Users\rsanchpa\.m2\repository\ch\qos\logback\logback-classic\1.1.11\logback-classic-1.1.11.jar;C:\Users\rsanchpa\.m2\repository\ch\qos\logback\logback-core\1.1.11\logback-core-1.1.11.jar;C:\Users\rsanchpa\.m2\repository\org\slf4j\jul-to-slf4j\1.7.25\jul-to-slf4j-1.7.25.jar;C:\Users\rsanchpa\.m2\repository\org\slf4j\log4j-over-slf4j\1.7.25\log4j-over-slf4j-1.7.25.jar;C:\Users\rsanchpa\.m2\repository\org\yaml\snakeyaml\1.17\snakeyaml-1.17.jar;C:\Users\rsanchpa\.m2\repository\org\springframework\boot\spring-boot-starter-tomcat\1.5.7.RELEASE\spring-boot-starter-tomcat-1.5.7.RELEASE.jar;C:\Users\rsanchpa\.m2\repository\org\apache\tomcat\embed\tomcat-embed-core\8.5.20\tomcat-embed-core-8.5.20.jar;C:\Users\rsanchpa\.m2\repository\org\apache\tomcat\embed\tomcat-embed-el\8.5.20\tomcat-embed-el-8.5.20.jar;C:\Users\rsanchpa\.m2\repository\org\apache\tomcat\embed\tomcat-embed-websocket\8.5.20\tomcat-embed-websocket-8.5.20.jar;C:\Users\rsanchpa\.m2\repository\org\hibernate\hibernate-validator\5.3.5.Final\hibernate-validator-5.3.5.Final.jar;C:\Users\rsanchpa\.m2\repository\javax\validation\validation-api\1.1.0.Final\validation-api-1.1.0.Final.jar;C:\Users\rsanchpa\.m2\repository\org\jboss\logging\jboss-logging\3.3.1.Final\jboss-logging-3.3.1.Final.jar;C:\Users\rsanchpa\.m2\repository\com\fasterxml\jackson\core\jackson-databind\2.8.10\jackson-databind-2.8.10.jar;C:\Users\rsanchpa\.m2\repository\com\fasterxml\jackson\core\jackson-annotations\2.8.0\jackson-annotations-2.8.0.jar;C:\Users\rsanchpa\.m2\repository\com\fasterxml\jackson\core\jackson-core\2.8.10\jackson-core-2.8.10.jar;C:\Users\rsanchpa\.m2\repository\org\springframework\spring-web\4.3.11.RELEASE\spring-web-4.3.11.RELEASE.jar;C:\Users\rsanchpa\.m2\repository\org\springframework\spring-aop\4.3.11.RELEASE\spring-aop-4.3.11.RELEASE.jar;C:\Users\rsanchpa\.m2\repository\org\springframework\spring-beans\4.3.11.RELEASE\spring-beans-4.3.11.RELEASE.jar;C:\Users\rsanchpa\.m2\repository\org\springframework\spring-context\4.3.11.RELEASE\spring-context-4.3.11.RELEASE.jar;C:\Users\rsanchpa\.m2\repository\org\springframework\spring-webmvc\4.3.11.RELEASE\spring-webmvc-4.3.11.RELEASE.jar;C:\Users\rsanchpa\.m2\repository\org\springframework\spring-expression\4.3.11.RELEASE\spring-expression-4.3.11.RELEASE.jar;C:\Users\rsanchpa\.m2\repository\org\springframework\boot\spring-boot-starter-test\1.5.7.RELEASE\spring-boot-starter-test-1.5.7.RELEASE.jar;C:\Users\rsanchpa\.m2\repository\org\springframework\boot\spring-boot-test\1.5.7.RELEASE\spring-boot-test-1.5.7.RELEASE.jar;C:\Users\rsanchpa\.m2\repository\org\springframework\boot\spring-boot-test-autoconfigure\1.5.7.RELEASE\spring-boot-test-autoconfigure-1.5.7.RELEASE.jar;C:\Users\rsanchpa\.m2\repository\org\assertj\assertj-core\2.6.0\assertj-core-2.6.0.jar;C:\Users\rsanchpa\.m2\repository\org\mockito\mockito-core\1.10.19\mockito-core-1.10.19.jar;C:\Users\rsanchpa\.m2\repository\org\objenesis\objenesis\2.1\objenesis-2.1.jar;C:\Users\rsanchpa\.m2\repository\org\hamcrest\hamcrest-core\1.3\hamcrest-core-1.3.jar;C:\Users\rsanchpa\.m2\repository\org\hamcrest\hamcrest-library\1.3\hamcrest-library-1.3.jar;C:\Users\rsanchpa\.m2\repository\org\skyscreamer\jsonassert\1.4.0\jsonassert-1.4.0.jar;C:\Users\rsanchpa\.m2\repository\com\vaadin\external\google\android-json\0.0.20131108.vaadin1\android-json-0.0.20131108.vaadin1.jar;C:\Users\rsanchpa\.m2\repository\org\springframework\spring-core\4.3.11.RELEASE\spring-core-4.3.11.RELEASE.jar;C:\Users\rsanchpa\.m2\repository\org\springframework\spring-test\4.3.11.RELEASE\spring-test-4.3.11.RELEASE.jar;C:\Users\rsanchpa\.m2\repository\com\jayway\jsonpath\json-path\2.2.0\json-path-2.2.0.jar;C:\Users\rsanchpa\.m2\repository\net\minidev\json-smart\2.2.1\json-smart-2.2.1.jar;C:\Users\rsanchpa\.m2\repository\net\minidev\accessors-smart\1.1\accessors-smart-1.1.jar;C:\Users\rsanchpa\.m2\repository\org\ow2\asm\asm\5.0.3\asm-5.0.3.jar;C:\Users\rsanchpa\.m2\repository\org\slf4j\slf4j-api\1.7.25\slf4j-api-1.7.25.jar;C:\Users\rsanchpa\.m2\repository\io\springfox\springfox-swagger-ui\2.6.1\springfox-swagger-ui-2.6.1.jar;C:\Users\rsanchpa\.m2\repository\io\springfox\springfox-spring-web\2.6.1\springfox-spring-web-2.6.1.jar;C:\Users\rsanchpa\.m2\repository\io\springfox\springfox-swagger2\2.6.1\springfox-swagger2-2.6.1.jar;C:\Users\rsanchpa\.m2\repository\io\swagger\swagger-annotations\1.5.10\swagger-annotations-1.5.10.jar;C:\Users\rsanchpa\.m2\repository\io\swagger\swagger-models\1.5.10\swagger-models-1.5.10.jar;C:\Users\rsanchpa\.m2\repository\io\springfox\springfox-spi\2.6.1\springfox-spi-2.6.1.jar;C:\Users\rsanchpa\.m2\repository\io\springfox\springfox-core\2.6.1\springfox-core-2.6.1.jar;C:\Users\rsanchpa\.m2\repository\io\springfox\springfox-schema\2.6.1\springfox-schema-2.6.1.jar;C:\Users\rsanchpa\.m2\repository\io\springfox\springfox-swagger-common\2.6.1\springfox-swagger-common-2.6.1.jar;C:\Users\rsanchpa\.m2\repository\com\google\guava\guava\18.0\guava-18.0.jar;C:\Users\rsanchpa\.m2\repository\com\fasterxml\classmate\1.3.4\classmate-1.3.4.jar;C:\Users\rsanchpa\.m2\repository\org\springframework\plugin\spring-plugin-core\1.2.0.RELEASE\spring-plugin-core-1.2.0.RELEASE.jar;C:\Users\rsanchpa\.m2\repository\org\springframework\plugin\spring-plugin-metadata\1.2.0.RELEASE\spring-plugin-metadata-1.2.0.RELEASE.jar;C:\Users\rsanchpa\.m2\repository\org\mapstruct\mapstruct\1.0.0.Final\mapstruct-1.0.0.Final.jar;C:\Users\rsanchpa\.m2\repository\de\flapdoodle\embed\de.flapdoodle.embed.mongo\1.50.5\de.flapdoodle.embed.mongo-1.50.5.jar;C:\Users\rsanchpa\.m2\repository\de\flapdoodle\embed\de.flapdoodle.embed.process\1.50.2\de.flapdoodle.embed.process-1.50.2.jar;C:\Users\rsanchpa\.m2\repository\commons-io\commons-io\2.4\commons-io-2.4.jar;C:\Users\rsanchpa\.m2\repository\org\apache\commons\commons-lang3\3.1\commons-lang3-3.1.jar;C:\Users\rsanchpa\.m2\repository\net\java\dev\jna\jna\4.2.2\jna-4.2.2.jar;C:\Users\rsanchpa\.m2\repository\net\java\dev\jna\jna-platform\4.0.0\jna-platform-4.0.0.jar;C:\Users\rsanchpa\.m2\repository\org\apache\commons\commons-compress\1.10\commons-compress-1.10.jar;C:\Users\rsanchpa\.m2\repository\cz\jirutka\spring\embedmongo-spring\1.3.1\embedmongo-spring-1.3.1.jar;C:\Users\rsanchpa\.m2\repository\org\mongodb\mongo-java-driver\3.4.3\mongo-java-driver-3.4.3.jar;C:\Users\rsanchpa\.m2\repository\org\springframework\boot\spring-boot-starter-data-mongodb\1.5.7.RELEASE\spring-boot-starter-data-mongodb-1.5.7.RELEASE.jar;C:\Users\rsanchpa\.m2\repository\org\mongodb\mongodb-driver\3.4.3\mongodb-driver-3.4.3.jar;C:\Users\rsanchpa\.m2\repository\org\mongodb\mongodb-driver-core\3.4.3\mongodb-driver-core-3.4.3.jar;C:\Users\rsanchpa\.m2\repository\org\mongodb\bson\3.4.3\bson-3.4.3.jar;C:\Users\rsanchpa\.m2\repository\org\springframework\data\spring-data-mongodb\1.10.7.RELEASE\spring-data-mongodb-1.10.7.RELEASE.jar;C:\Users\rsanchpa\.m2\repository\org\springframework\spring-tx\4.3.11.RELEASE\spring-tx-4.3.11.RELEASE.jar;C:\Users\rsanchpa\.m2\repository\org\springframework\data\spring-data-commons\1.13.7.RELEASE\spring-data-commons-1.13.7.RELEASE.jar;C:\Users\rsanchpa\.m2\repository\org\slf4j\jcl-over-slf4j\1.7.25\jcl-over-slf4j-1.7.25.jar;C:\Users\rsanchpa\.m2\repository\info\cukes\cucumber-java8\1.2.5\cucumber-java8-1.2.5.jar;C:\Users\rsanchpa\.m2\repository\info\cukes\cucumber-java\1.2.5\cucumber-java-1.2.5.jar;C:\Users\rsanchpa\.m2\repository\info\cukes\cucumber-junit\1.2.5\cucumber-junit-1.2.5.jar;C:\Users\rsanchpa\.m2\repository\info\cukes\cucumber-core\1.2.5\cucumber-core-1.2.5.jar;C:\Users\rsanchpa\.m2\repository\info\cukes\cucumber-html\0.2.3\cucumber-html-0.2.3.jar;C:\Users\rsanchpa\.m2\repository\info\cukes\cucumber-jvm-deps\1.0.5\cucumber-jvm-deps-1.0.5.jar;C:\Users\rsanchpa\.m2\repository\info\cukes\gherkin\2.12.2\gherkin-2.12.2.jar;C:\Users\rsanchpa\.m2\repository\junit\junit\4.12\junit-4.12.jar;, user.name=rsanchpa, java.vm.specification.version=1.8, sun.java.command=C:\Users\rsanchpa\prueba\translations_test\target\surefire\surefirebooter3277608038374981851.jar C:\Users\rsanchpa\prueba\translations_test\target\surefire\surefire92608258868538549tmp C:\Users\rsanchpa\prueba\translations_test\target\surefire\surefire_02700561129045389163tmp, java.home=C:\Program Files\Java\jdk1.8.0_74\jre, sun.arch.data.model=64, user.language=es, java.specification.vendor=Oracle Corporation, awt.toolkit=sun.awt.windows.WToolkit, java.vm.info=mixed mode, java.version=1.8.0_74, java.ext.dirs=C:\Program Files\Java\jdk1.8.0_74\jre\lib\ext;C:\WINDOWS\Sun\Java\lib\ext, sun.boot.class.path=C:\Program Files\Java\jdk1.8.0_74\jre\lib\resources.jar;C:\Program Files\Java\jdk1.8.0_74\jre\lib\rt.jar;C:\Program Files\Java\jdk1.8.0_74\jre\lib\sunrsasign.jar;C:\Program Files\Java\jdk1.8.0_74\jre\lib\jsse.jar;C:\Program Files\Java\jdk1.8.0_74\jre\lib\jce.jar;C:\Program Files\Java\jdk1.8.0_74\jre\lib\charsets.jar;C:\Program Files\Java\jdk1.8.0_74\jre\lib\jfr.jar;C:\Program Files\Java\jdk1.8.0_74\jre\classes, java.vendor=Oracle Corporation, localRepository=C:\Users\rsanchpa\.m2\repository, file.separator=\, java.vendor.url.bug=http://bugreport.sun.com/bugreport/, sun.io.unicode.encoding=UnicodeLittle, sun.cpu.endian=little, sun.desktop=windows, sun.cpu.isalist=amd64}}, SystemEnvironmentPropertySource@542980314 {name='systemEnvironment', properties={PATH=C:\ProgramData\Oracle\Java\javapath;C:\WINDOWS\system32;C:\WINDOWS;C:\WINDOWS\System32\Wbem;C:\WINDOWS\System32\WindowsPowerShell\v1.0\;C:\Program Files\Mercurial;C:\Program Files\TortoiseHg\;C:\TDM-GCC-64\bin;C:\Program Files\Java\jdk1.8.0_74\\bin;C:\Program Files (x86)\PuTTY\;C:\Program Files\Git\cmd;C:\developmenttools\apache-maven\apache-maven-3.3.9\bin;C:\Program Files\nodejs\;C:\Users\rsanchpa\AppData\Local\Microsoft\WindowsApps;C:\dev\scripts;C:\Program Files\Docker Toolbox;C:\Users\rsanchpa\AppData\Roaming\npm, USERDOMAIN_ROAMINGPROFILE=USERSAD, PROCESSOR_LEVEL=6, SYSTEMDRIVE=C:, FP_NO_HOST_CHECK=NO, SESSIONNAME=Console, ALLUSERSPROFILE=C:\ProgramData, PROCESSOR_ARCHITECTURE=AMD64, DEFLOGDIR=C:\ProgramData\McAfee\Endpoint Security\Logs, PROGRAMFILES=C:\Program Files, PSMODULEPATH=C:\WINDOWS\system32\WindowsPowerShell\v1.0\Modules\, PROGRAMDATA=C:\ProgramData, USERNAME=rsanchpa, USERDNSDOMAIN=USERSAD.EVERIS.INT, WDIR=C:\Users\rsanchpa\prueba\translations_test, CHROME_DRIVER=C:\dev\driver, FPS_BROWSER_USER_PROFILE_STRING=Default, ONEDRIVE=C:\Users\rsanchpa\OneDrive, PATHEXT=.COM;.EXE;.BAT;.CMD;.VBS;.VBE;.JS;.JSE;.WSF;.WSH;.MSC, CLASSWORLDS_JAR="C:\developmenttools\apache-maven\apache-maven-3.3.9\boot\plexus-classworlds-2.5.2.jar", WINDIR=C:\WINDOWS, HOMEPATH=\Users\rsanchpa, PROCESSOR_IDENTIFIER=Intel64 Family 6 Model 78 Stepping 3, GenuineIntel, WINDOWS_TRACING_LOGFILE=C:\BVTBin\Tests\installpackage\csilogfile.log, M2_HOME=C:\developmenttools\apache-maven\apache-maven-3.3.9, MAVEN_JAVA_EXE="C:\Program Files\Java\jdk1.8.0_74\\bin\java.exe", PUBLIC=C:\Users\Public, LOCALAPPDATA=C:\Users\rsanchpa\AppData\Local, COMMONPROGRAMFILES(X86)=C:\Program Files (x86)\Common Files, DOCKER_HOST=tcp://192.168.99.100:2376, USERDOMAIN=USERSAD, FPS_BROWSER_APP_PROFILE_STRING=Internet Explorer, LOGONSERVER=\\SBCN01PADDC01, JAVA_HOME=C:\Program Files\Java\jdk1.8.0_74\, PROMPT=$P$G, PROGRAMFILES(X86)=C:\Program Files (x86), HTTP_PROXY=10.129.8.100:8080, ERROR_CODE=0, EXEC_DIR=C:\Users\rsanchpa\prueba\translations_test, WINDOWS_TRACING_FLAGS=3, =C:=C:\Users\rsanchpa\prueba\translations_test, APPDATA=C:\Users\rsanchpa\AppData\Roaming, DOCKER_MACHINE_NAME=default, DOCKER_CERT_PATH=C:\Users\rsanchpa\.docker\machine\machines\default, HTTPS_PROXY=10.129.8.100:8080, PROGRAMW6432=C:\Program Files, SYSTEMROOT=C:\WINDOWS, MAVEN_CMD_LINE_ARGS=clean install, VBOX_MSI_INSTALL_PATH=C:\Program Files\Oracle\VirtualBox\, OS=Windows_NT, COMMONPROGRAMW6432=C:\Program Files\Common Files, COMPUTERNAME=ALC-812TK72, JBOSS_HOME=C:\developmenttools\jboss-eap-6.4, COMMONPROGRAMFILES=C:\Program Files\Common Files, COMSPEC=C:\WINDOWS\system32\cmd.exe, MAVEN_PROJECTBASEDIR=C:\Users\rsanchpa\prueba\translations_test, PROCESSOR_REVISION=4e03, UATDATA=C:\WINDOWS\CCM\UATData\D9F8C395-CAB8-491d-B8AC-179A1FE1BE77, CLASSWORLDS_LAUNCHER=org.codehaus.plexus.classworlds.launcher.Launcher, DOCKER_TLS_VERIFY=1, TEMP=C:\Users\rsanchpa\AppData\Local\Temp, HOMEDRIVE=C:, USERPROFILE=C:\Users\rsanchpa, TMP=C:\Users\rsanchpa\AppData\Local\Temp, NUMBER_OF_PROCESSORS=4, DOCKER_TOOLBOX_INSTALL_PATH=C:\Program Files\Docker Toolbox, HOME=C:\Users\rsanchpa}}]
09:27:26.013 [main] DEBUG org.springframework.core.io.support.PathMatchingResourcePatternResolver - Resolved classpath location [hello/] to resources [URL [file:/C:/Users/rsanchpa/prueba/translations_test/target/test-classes/hello/]]
09:27:26.013 [main] DEBUG org.springframework.core.io.support.PathMatchingResourcePatternResolver - Looking for matching resources in directory tree [C:\Users\rsanchpa\prueba\translations_test\target\test-classes\hello]
09:27:26.014 [main] DEBUG org.springframework.core.io.support.PathMatchingResourcePatternResolver - Searching directory [C:\Users\rsanchpa\prueba\translations_test\target\test-classes\hello] for files matching pattern [C:/Users/rsanchpa/prueba/translations_test/target/test-classes/hello/*.class]
09:27:26.016 [main] DEBUG org.springframework.core.io.support.PathMatchingResourcePatternResolver - Resolved location pattern [classpath*:hello/*.class] to resources [file [C:\Users\rsanchpa\prueba\translations_test\target\test-classes\hello\GreetingControllerTests.class]]
]]></system-out>
  </testcase>
</testsuite>